=== PROVENANCE ===
DATE_LOCAL=2026-02-09 17:03:46 PST
DATE_UTC=2026-02-10T01:03:46Z
GIT_COMMIT=N/A
SLURM_JOB_NODELIST=node-[13-14]
SLURM_SUBMIT_HOST=hb
GNU Fortran (GCC) 13.2.0
Copyright (C) 2023 Free Software Foundation, Inc.
This is free software; see the source for copying conditions.  There is NO
warranty; not even for MERCHANTABILITY or FITNESS FOR A PARTICULAR PURPOSE.

mpirun (Open MPI) 5.0.5

Report bugs to https://www.open-mpi.org/community/help/
Model name:                              Intel(R) Xeon(R) CPU E5-2650 v4 @ 2.20GHz
Thread(s) per core:                      1
Core(s) per socket:                      12
Socket(s):                               2

=== SERIAL BASELINE ===
Run 1:
==========================================
Serial GoL: 2048x2048, Steps: 300
==========================================

========================================
TOTAL_TIME_SEC:    19.545095
ALIVE_FINAL:    5
GRID_SIZE:      4194304
TIMESTEPS:      300
========================================
Run 2:
==========================================
Serial GoL: 2048x2048, Steps: 300
==========================================

========================================
TOTAL_TIME_SEC:    19.952539
ALIVE_FINAL:    5
GRID_SIZE:      4194304
TIMESTEPS:      300
========================================
Run 3:
==========================================
Serial GoL: 2048x2048, Steps: 300
==========================================

========================================
TOTAL_TIME_SEC:    19.552935
ALIVE_FINAL:    5
GRID_SIZE:      4194304
TIMESTEPS:      300
========================================
=== MPI BASELINE (ROW, np=1) ===
Run 1:
[node-13:1509923] Rank 0 bound to package[0][core:0]
==========================================
Row Decomposition: 2048x2048, Steps: 300
MPI Ranks: 1
==========================================
ALIVE_FINAL:    5

========================================
TOTAL_TIME_SEC:     8.808650
COMM_TIME_SEC:      0.011289
COMP_TIME_SEC:      8.797361
COMM_FRACTION:      0.13%
GRID_SIZE:      4194304
TIMESTEPS:      300
MPI_RANKS:      1
========================================
Run 2:
[node-13:1509938] Rank 0 bound to package[0][core:0]
==========================================
Row Decomposition: 2048x2048, Steps: 300
MPI Ranks: 1
==========================================
ALIVE_FINAL:    5

========================================
TOTAL_TIME_SEC:     8.766083
COMM_TIME_SEC:      0.010854
COMP_TIME_SEC:      8.755229
COMM_FRACTION:      0.12%
GRID_SIZE:      4194304
TIMESTEPS:      300
MPI_RANKS:      1
========================================
Run 3:
[node-13:1510009] Rank 0 bound to package[0][core:0]
==========================================
Row Decomposition: 2048x2048, Steps: 300
MPI Ranks: 1
==========================================
ALIVE_FINAL:    5

========================================
TOTAL_TIME_SEC:     8.812483
COMM_TIME_SEC:      0.010845
COMP_TIME_SEC:      8.801638
COMM_FRACTION:      0.12%
GRID_SIZE:      4194304
TIMESTEPS:      300
MPI_RANKS:      1
========================================
=== MPI BASELINE (COLUMN, np=1) ===
Run 1:
[node-13:1510027] Rank 0 bound to package[0][core:0]
==========================================
Column Decomposition: 2048x2048, Steps: 300
MPI Ranks: 1
==========================================
ALIVE_FINAL:    5

========================================
TOTAL_TIME_SEC:     8.653860
COMM_TIME_SEC:      0.002793
COMP_TIME_SEC:      8.651066
COMM_FRACTION:      0.03%
GRID_SIZE:      4194304
TIMESTEPS:      300
MPI_RANKS:      1
========================================
Run 2:
[node-13:1510057] Rank 0 bound to package[0][core:0]
==========================================
Column Decomposition: 2048x2048, Steps: 300
MPI Ranks: 1
==========================================
ALIVE_FINAL:    5

========================================
TOTAL_TIME_SEC:     8.713587
COMM_TIME_SEC:      0.002589
COMP_TIME_SEC:      8.710998
COMM_FRACTION:      0.03%
GRID_SIZE:      4194304
TIMESTEPS:      300
MPI_RANKS:      1
========================================
Run 3:
[node-13:1510073] Rank 0 bound to package[0][core:0]
==========================================
Column Decomposition: 2048x2048, Steps: 300
MPI Ranks: 1
==========================================
ALIVE_FINAL:    5

========================================
TOTAL_TIME_SEC:     8.446477
COMM_TIME_SEC:      0.002561
COMP_TIME_SEC:      8.443916
COMM_FRACTION:      0.03%
GRID_SIZE:      4194304
TIMESTEPS:      300
MPI_RANKS:      1
========================================
=== ROW np=2 ===
Run 1:
[node-13:1510090] Rank 0 bound to package[0][core:0]
[node-13:1510090] Rank 1 bound to package[0][core:1]
==========================================
Row Decomposition: 2048x2048, Steps: 300
MPI Ranks: 2
==========================================
ALIVE_FINAL:    5

========================================
TOTAL_TIME_SEC:     4.722399
COMM_TIME_SEC:      0.076260
COMP_TIME_SEC:      4.646139
COMM_FRACTION:      1.61%
GRID_SIZE:      4194304
TIMESTEPS:      300
MPI_RANKS:      2
========================================
Run 2:
[node-13:1510108] Rank 0 bound to package[0][core:0]
[node-13:1510108] Rank 1 bound to package[0][core:1]
==========================================
Row Decomposition: 2048x2048, Steps: 300
MPI Ranks: 2
==========================================
ALIVE_FINAL:    5

========================================
TOTAL_TIME_SEC:     4.728136
COMM_TIME_SEC:      0.073813
COMP_TIME_SEC:      4.654323
COMM_FRACTION:      1.56%
GRID_SIZE:      4194304
TIMESTEPS:      300
MPI_RANKS:      2
========================================
Run 3:
[node-13:1510126] Rank 0 bound to package[0][core:0]
[node-13:1510126] Rank 1 bound to package[0][core:1]
==========================================
Row Decomposition: 2048x2048, Steps: 300
MPI Ranks: 2
==========================================
ALIVE_FINAL:    5

========================================
TOTAL_TIME_SEC:     4.730596
COMM_TIME_SEC:      0.051420
COMP_TIME_SEC:      4.679176
COMM_FRACTION:      1.09%
GRID_SIZE:      4194304
TIMESTEPS:      300
MPI_RANKS:      2
========================================
=== ROW np=4 ===
Run 1:
[node-13:1510201] Rank 0 bound to package[0][core:0]
[node-13:1510201] Rank 1 bound to package[0][core:1]
[node-13:1510201] Rank 2 bound to package[0][core:2]
[node-13:1510201] Rank 3 bound to package[0][core:3]
==========================================
Row Decomposition: 2048x2048, Steps: 300
MPI Ranks: 4
==========================================
ALIVE_FINAL:    5

========================================
TOTAL_TIME_SEC:     2.535277
COMM_TIME_SEC:      0.059417
COMP_TIME_SEC:      2.475860
COMM_FRACTION:      2.34%
GRID_SIZE:      4194304
TIMESTEPS:      300
MPI_RANKS:      4
========================================
Run 2:
[node-13:1510225] Rank 0 bound to package[0][core:0]
[node-13:1510225] Rank 1 bound to package[0][core:1]
[node-13:1510225] Rank 2 bound to package[0][core:2]
[node-13:1510225] Rank 3 bound to package[0][core:3]
==========================================
Row Decomposition: 2048x2048, Steps: 300
MPI Ranks: 4
==========================================
ALIVE_FINAL:    5

========================================
TOTAL_TIME_SEC:     2.502129
COMM_TIME_SEC:      0.053814
COMP_TIME_SEC:      2.448314
COMM_FRACTION:      2.15%
GRID_SIZE:      4194304
TIMESTEPS:      300
MPI_RANKS:      4
========================================
Run 3:
[node-13:1510251] Rank 0 bound to package[0][core:0]
[node-13:1510251] Rank 1 bound to package[0][core:1]
[node-13:1510251] Rank 2 bound to package[0][core:2]
[node-13:1510251] Rank 3 bound to package[0][core:3]
==========================================
Row Decomposition: 2048x2048, Steps: 300
MPI Ranks: 4
==========================================
ALIVE_FINAL:    5

========================================
TOTAL_TIME_SEC:     2.524106
COMM_TIME_SEC:      0.016906
COMP_TIME_SEC:      2.507199
COMM_FRACTION:      0.67%
GRID_SIZE:      4194304
TIMESTEPS:      300
MPI_RANKS:      4
========================================
=== ROW np=8 ===
Run 1:
[node-13:1510277] Rank 0 bound to package[0][core:0]
[node-13:1510277] Rank 1 bound to package[0][core:1]
[node-13:1510277] Rank 2 bound to package[0][core:2]
[node-13:1510277] Rank 3 bound to package[0][core:3]
[node-13:1510277] Rank 4 bound to package[0][core:4]
[node-13:1510277] Rank 5 bound to package[0][core:5]
[node-13:1510277] Rank 6 bound to package[0][core:6]
[node-13:1510277] Rank 7 bound to package[0][core:7]
==========================================
Row Decomposition: 2048x2048, Steps: 300
MPI Ranks: 8
==========================================
ALIVE_FINAL:    5

========================================
TOTAL_TIME_SEC:     1.315577
COMM_TIME_SEC:      0.018958
COMP_TIME_SEC:      1.296619
COMM_FRACTION:      1.44%
GRID_SIZE:      4194304
TIMESTEPS:      300
MPI_RANKS:      8
========================================
Run 2:
[node-13:1510313] Rank 0 bound to package[0][core:0]
[node-13:1510313] Rank 1 bound to package[0][core:1]
[node-13:1510313] Rank 2 bound to package[0][core:2]
[node-13:1510313] Rank 3 bound to package[0][core:3]
[node-13:1510313] Rank 4 bound to package[0][core:4]
[node-13:1510313] Rank 5 bound to package[0][core:5]
[node-13:1510313] Rank 6 bound to package[0][core:6]
[node-13:1510313] Rank 7 bound to package[0][core:7]
==========================================
Row Decomposition: 2048x2048, Steps: 300
MPI Ranks: 8
==========================================
ALIVE_FINAL:    5

========================================
TOTAL_TIME_SEC:     1.275705
COMM_TIME_SEC:      0.061981
COMP_TIME_SEC:      1.213723
COMM_FRACTION:      4.86%
GRID_SIZE:      4194304
TIMESTEPS:      300
MPI_RANKS:      8
========================================
Run 3:
[node-13:1510364] Rank 0 bound to package[0][core:0]
[node-13:1510364] Rank 1 bound to package[0][core:1]
[node-13:1510364] Rank 2 bound to package[0][core:2]
[node-13:1510364] Rank 3 bound to package[0][core:3]
[node-13:1510364] Rank 4 bound to package[0][core:4]
[node-13:1510364] Rank 5 bound to package[0][core:5]
[node-13:1510364] Rank 6 bound to package[0][core:6]
[node-13:1510364] Rank 7 bound to package[0][core:7]
==========================================
Row Decomposition: 2048x2048, Steps: 300
MPI Ranks: 8
==========================================
ALIVE_FINAL:    5

========================================
TOTAL_TIME_SEC:     1.320288
COMM_TIME_SEC:      0.046702
COMP_TIME_SEC:      1.273586
COMM_FRACTION:      3.54%
GRID_SIZE:      4194304
TIMESTEPS:      300
MPI_RANKS:      8
========================================
=== ROW np=16 ===
Run 1:
[node-13:1510402] Rank 0 bound to package[0][core:0]
[node-13:1510402] Rank 1 bound to package[0][core:1]
[node-13:1510402] Rank 2 bound to package[0][core:2]
[node-13:1510402] Rank 3 bound to package[0][core:3]
[node-13:1510402] Rank 4 bound to package[0][core:4]
[node-13:1510402] Rank 5 bound to package[0][core:5]
[node-13:1510402] Rank 6 bound to package[0][core:6]
[node-13:1510402] Rank 7 bound to package[0][core:7]
[node-13:1510402] Rank 8 bound to package[0][core:8]
[node-13:1510402] Rank 9 bound to package[0][core:9]
[node-13:1510402] Rank 10 bound to package[0][core:10]
[node-13:1510402] Rank 11 bound to package[0][core:11]
[node-13:1510402] Rank 12 bound to package[1][core:12]
[node-13:1510402] Rank 13 bound to package[1][core:13]
[node-13:1510402] Rank 14 bound to package[1][core:14]
[node-13:1510402] Rank 15 bound to package[1][core:15]
==========================================
Row Decomposition: 2048x2048, Steps: 300
MPI Ranks: 16
==========================================
ALIVE_FINAL:    5

========================================
TOTAL_TIME_SEC:     0.608187
COMM_TIME_SEC:      0.074708
COMP_TIME_SEC:      0.533479
COMM_FRACTION:     12.28%
GRID_SIZE:      4194304
TIMESTEPS:      300
MPI_RANKS:      16
========================================
Run 2:
[node-13:1510462] Rank 0 bound to package[0][core:0]
[node-13:1510462] Rank 1 bound to package[0][core:1]
[node-13:1510462] Rank 2 bound to package[0][core:2]
[node-13:1510462] Rank 3 bound to package[0][core:3]
[node-13:1510462] Rank 4 bound to package[0][core:4]
[node-13:1510462] Rank 5 bound to package[0][core:5]
[node-13:1510462] Rank 6 bound to package[0][core:6]
[node-13:1510462] Rank 7 bound to package[0][core:7]
[node-13:1510462] Rank 8 bound to package[0][core:8]
[node-13:1510462] Rank 9 bound to package[0][core:9]
[node-13:1510462] Rank 10 bound to package[0][core:10]
[node-13:1510462] Rank 11 bound to package[0][core:11]
[node-13:1510462] Rank 12 bound to package[1][core:12]
[node-13:1510462] Rank 13 bound to package[1][core:13]
[node-13:1510462] Rank 14 bound to package[1][core:14]
[node-13:1510462] Rank 15 bound to package[1][core:15]
==========================================
Row Decomposition: 2048x2048, Steps: 300
MPI Ranks: 16
==========================================
ALIVE_FINAL:    5

========================================
TOTAL_TIME_SEC:     0.610156
COMM_TIME_SEC:      0.017185
COMP_TIME_SEC:      0.592971
COMM_FRACTION:      2.82%
GRID_SIZE:      4194304
TIMESTEPS:      300
MPI_RANKS:      16
========================================
Run 3:
[node-13:1510522] Rank 0 bound to package[0][core:0]
[node-13:1510522] Rank 1 bound to package[0][core:1]
[node-13:1510522] Rank 2 bound to package[0][core:2]
[node-13:1510522] Rank 3 bound to package[0][core:3]
[node-13:1510522] Rank 4 bound to package[0][core:4]
[node-13:1510522] Rank 5 bound to package[0][core:5]
[node-13:1510522] Rank 6 bound to package[0][core:6]
[node-13:1510522] Rank 7 bound to package[0][core:7]
[node-13:1510522] Rank 8 bound to package[0][core:8]
[node-13:1510522] Rank 9 bound to package[0][core:9]
[node-13:1510522] Rank 10 bound to package[0][core:10]
[node-13:1510522] Rank 11 bound to package[0][core:11]
[node-13:1510522] Rank 12 bound to package[1][core:12]
[node-13:1510522] Rank 13 bound to package[1][core:13]
[node-13:1510522] Rank 14 bound to package[1][core:14]
[node-13:1510522] Rank 15 bound to package[1][core:15]
==========================================
Row Decomposition: 2048x2048, Steps: 300
MPI Ranks: 16
==========================================
ALIVE_FINAL:    5

========================================
TOTAL_TIME_SEC:     0.615373
COMM_TIME_SEC:      0.064006
COMP_TIME_SEC:      0.551367
COMM_FRACTION:     10.40%
GRID_SIZE:      4194304
TIMESTEPS:      300
MPI_RANKS:      16
========================================
=== ROW np=32 ===
Run 1:
[node-13:1510585] Rank 0 bound to package[0][core:0]
[node-13:1510585] Rank 1 bound to package[0][core:1]
[node-13:1510585] Rank 2 bound to package[0][core:2]
[node-13:1510585] Rank 3 bound to package[0][core:3]
[node-13:1510585] Rank 4 bound to package[0][core:4]
[node-13:1510585] Rank 5 bound to package[0][core:5]
[node-13:1510585] Rank 6 bound to package[0][core:6]
[node-13:1510585] Rank 7 bound to package[0][core:7]
[node-13:1510585] Rank 8 bound to package[0][core:8]
[node-13:1510585] Rank 9 bound to package[0][core:9]
[node-13:1510585] Rank 10 bound to package[0][core:10]
[node-13:1510585] Rank 11 bound to package[0][core:11]
[node-13:1510585] Rank 12 bound to package[1][core:12]
[node-13:1510585] Rank 13 bound to package[1][core:13]
[node-13:1510585] Rank 14 bound to package[1][core:14]
[node-13:1510585] Rank 15 bound to package[1][core:15]
[node-14:1619743] Rank 17 bound to package[0][core:1]
[node-14:1619743] Rank 18 bound to package[0][core:2]
[node-14:1619743] Rank 19 bound to package[0][core:3]
[node-14:1619743] Rank 20 bound to package[0][core:4]
[node-14:1619743] Rank 16 bound to package[0][core:0]
[node-14:1619743] Rank 21 bound to package[0][core:5]
[node-14:1619743] Rank 22 bound to package[0][core:6]
[node-14:1619743] Rank 23 bound to package[0][core:7]
[node-14:1619743] Rank 24 bound to package[0][core:8]
[node-14:1619743] Rank 25 bound to package[0][core:9]
[node-14:1619743] Rank 26 bound to package[0][core:10]
[node-14:1619743] Rank 27 bound to package[0][core:11]
[node-14:1619743] Rank 28 bound to package[1][core:12]
[node-14:1619743] Rank 29 bound to package[1][core:13]
[node-14:1619743] Rank 30 bound to package[1][core:14]
[node-14:1619743] Rank 31 bound to package[1][core:15]
==========================================
Row Decomposition: 2048x2048, Steps: 300
MPI Ranks: 32
==========================================
ALIVE_FINAL:    5

========================================
TOTAL_TIME_SEC:     0.524935
COMM_TIME_SEC:      0.127008
COMP_TIME_SEC:      0.397927
COMM_FRACTION:     24.19%
GRID_SIZE:      4194304
TIMESTEPS:      300
MPI_RANKS:      32
========================================
Run 2:
[node-13:1510645] Rank 0 bound to package[0][core:0]
[node-13:1510645] Rank 1 bound to package[0][core:1]
[node-13:1510645] Rank 2 bound to package[0][core:2]
[node-13:1510645] Rank 3 bound to package[0][core:3]
[node-13:1510645] Rank 4 bound to package[0][core:4]
[node-13:1510645] Rank 5 bound to package[0][core:5]
[node-13:1510645] Rank 6 bound to package[0][core:6]
[node-13:1510645] Rank 7 bound to package[0][core:7]
[node-13:1510645] Rank 8 bound to package[0][core:8]
[node-13:1510645] Rank 9 bound to package[0][core:9]
[node-13:1510645] Rank 10 bound to package[0][core:10]
[node-13:1510645] Rank 11 bound to package[0][core:11]
[node-13:1510645] Rank 12 bound to package[1][core:12]
[node-13:1510645] Rank 13 bound to package[1][core:13]
[node-13:1510645] Rank 14 bound to package[1][core:14]
[node-13:1510645] Rank 15 bound to package[1][core:15]
[node-14:1619833] Rank 17 bound to package[0][core:1]
[node-14:1619833] Rank 20 bound to package[0][core:4]
[node-14:1619833] Rank 19 bound to package[0][core:3]
[node-14:1619833] Rank 18 bound to package[0][core:2]
[node-14:1619833] Rank 16 bound to package[0][core:0]
[node-14:1619833] Rank 21 bound to package[0][core:5]
[node-14:1619833] Rank 22 bound to package[0][core:6]
[node-14:1619833] Rank 23 bound to package[0][core:7]
[node-14:1619833] Rank 25 bound to package[0][core:9]
[node-14:1619833] Rank 26 bound to package[0][core:10]
[node-14:1619833] Rank 24 bound to package[0][core:8]
[node-14:1619833] Rank 27 bound to package[0][core:11]
[node-14:1619833] Rank 28 bound to package[1][core:12]
[node-14:1619833] Rank 30 bound to package[1][core:14]
[node-14:1619833] Rank 29 bound to package[1][core:13]
[node-14:1619833] Rank 31 bound to package[1][core:15]
==========================================
Row Decomposition: 2048x2048, Steps: 300
MPI Ranks: 32
==========================================
ALIVE_FINAL:    5

========================================
TOTAL_TIME_SEC:     0.520683
COMM_TIME_SEC:      0.119579
COMP_TIME_SEC:      0.401104
COMM_FRACTION:     22.97%
GRID_SIZE:      4194304
TIMESTEPS:      300
MPI_RANKS:      32
========================================
Run 3:
[node-13:1510706] Rank 0 bound to package[0][core:0]
[node-13:1510706] Rank 1 bound to package[0][core:1]
[node-13:1510706] Rank 2 bound to package[0][core:2]
[node-13:1510706] Rank 3 bound to package[0][core:3]
[node-13:1510706] Rank 4 bound to package[0][core:4]
[node-13:1510706] Rank 5 bound to package[0][core:5]
[node-13:1510706] Rank 6 bound to package[0][core:6]
[node-13:1510706] Rank 7 bound to package[0][core:7]
[node-13:1510706] Rank 8 bound to package[0][core:8]
[node-13:1510706] Rank 9 bound to package[0][core:9]
[node-13:1510706] Rank 10 bound to package[0][core:10]
[node-13:1510706] Rank 11 bound to package[0][core:11]
[node-13:1510706] Rank 12 bound to package[1][core:12]
[node-13:1510706] Rank 13 bound to package[1][core:13]
[node-13:1510706] Rank 14 bound to package[1][core:14]
[node-13:1510706] Rank 15 bound to package[1][core:15]
[node-14:1619929] Rank 18 bound to package[0][core:2]
[node-14:1619929] Rank 16 bound to package[0][core:0]
[node-14:1619929] Rank 20 bound to package[0][core:4]
[node-14:1619929] Rank 21 bound to package[0][core:5]
[node-14:1619929] Rank 22 bound to package[0][core:6]
[node-14:1619929] Rank 17 bound to package[0][core:1]
[node-14:1619929] Rank 23 bound to package[0][core:7]
[node-14:1619929] Rank 19 bound to package[0][core:3]
[node-14:1619929] Rank 24 bound to package[0][core:8]
[node-14:1619929] Rank 25 bound to package[0][core:9]
[node-14:1619929] Rank 26 bound to package[0][core:10]
[node-14:1619929] Rank 28 bound to package[1][core:12]
[node-14:1619929] Rank 27 bound to package[0][core:11]
[node-14:1619929] Rank 29 bound to package[1][core:13]
[node-14:1619929] Rank 30 bound to package[1][core:14]
[node-14:1619929] Rank 31 bound to package[1][core:15]
==========================================
Row Decomposition: 2048x2048, Steps: 300
MPI Ranks: 32
==========================================
ALIVE_FINAL:    5

========================================
TOTAL_TIME_SEC:     0.520450
COMM_TIME_SEC:      0.116045
COMP_TIME_SEC:      0.404405
COMM_FRACTION:     22.30%
GRID_SIZE:      4194304
TIMESTEPS:      300
MPI_RANKS:      32
========================================
=== COLUMN np=2 ===
Run 1:
[node-13:1510768] Rank 0 bound to package[0][core:0]
[node-13:1510768] Rank 1 bound to package[0][core:1]
==========================================
Column Decomposition: 2048x2048, Steps: 300
MPI Ranks: 2
==========================================
ALIVE_FINAL:    5

========================================
TOTAL_TIME_SEC:     4.335180
COMM_TIME_SEC:      0.078478
COMP_TIME_SEC:      4.256702
COMM_FRACTION:      1.81%
GRID_SIZE:      4194304
TIMESTEPS:      300
MPI_RANKS:      2
========================================
Run 2:
[node-13:1510786] Rank 0 bound to package[0][core:0]
[node-13:1510786] Rank 1 bound to package[0][core:1]
==========================================
Column Decomposition: 2048x2048, Steps: 300
MPI Ranks: 2
==========================================
ALIVE_FINAL:    5

========================================
TOTAL_TIME_SEC:     4.291194
COMM_TIME_SEC:      0.087063
COMP_TIME_SEC:      4.204131
COMM_FRACTION:      2.03%
GRID_SIZE:      4194304
TIMESTEPS:      300
MPI_RANKS:      2
========================================
Run 3:
[node-13:1510805] Rank 0 bound to package[0][core:0]
[node-13:1510805] Rank 1 bound to package[0][core:1]
==========================================
Column Decomposition: 2048x2048, Steps: 300
MPI Ranks: 2
==========================================
ALIVE_FINAL:    5

========================================
TOTAL_TIME_SEC:     4.322716
COMM_TIME_SEC:      0.076273
COMP_TIME_SEC:      4.246443
COMM_FRACTION:      1.76%
GRID_SIZE:      4194304
TIMESTEPS:      300
MPI_RANKS:      2
========================================
=== COLUMN np=4 ===
Run 1:
[node-13:1510878] Rank 0 bound to package[0][core:0]
[node-13:1510878] Rank 1 bound to package[0][core:1]
[node-13:1510878] Rank 2 bound to package[0][core:2]
[node-13:1510878] Rank 3 bound to package[0][core:3]
==========================================
Column Decomposition: 2048x2048, Steps: 300
MPI Ranks: 4
==========================================
ALIVE_FINAL:    5

========================================
TOTAL_TIME_SEC:     2.340128
COMM_TIME_SEC:      0.026015
COMP_TIME_SEC:      2.314113
COMM_FRACTION:      1.11%
GRID_SIZE:      4194304
TIMESTEPS:      300
MPI_RANKS:      4
========================================
Run 2:
[node-13:1510903] Rank 0 bound to package[0][core:0]
[node-13:1510903] Rank 1 bound to package[0][core:1]
[node-13:1510903] Rank 2 bound to package[0][core:2]
[node-13:1510903] Rank 3 bound to package[0][core:3]
==========================================
Column Decomposition: 2048x2048, Steps: 300
MPI Ranks: 4
==========================================
ALIVE_FINAL:    5

========================================
TOTAL_TIME_SEC:     2.359461
COMM_TIME_SEC:      0.042685
COMP_TIME_SEC:      2.316776
COMM_FRACTION:      1.81%
GRID_SIZE:      4194304
TIMESTEPS:      300
MPI_RANKS:      4
========================================
Run 3:
[node-13:1510927] Rank 0 bound to package[0][core:0]
[node-13:1510927] Rank 1 bound to package[0][core:1]
[node-13:1510927] Rank 2 bound to package[0][core:2]
[node-13:1510927] Rank 3 bound to package[0][core:3]
==========================================
Column Decomposition: 2048x2048, Steps: 300
MPI Ranks: 4
==========================================
ALIVE_FINAL:    5

========================================
TOTAL_TIME_SEC:     2.366635
COMM_TIME_SEC:      0.025579
COMP_TIME_SEC:      2.341055
COMM_FRACTION:      1.08%
GRID_SIZE:      4194304
TIMESTEPS:      300
MPI_RANKS:      4
========================================
=== COLUMN np=8 ===
Run 1:
[node-13:1510955] Rank 0 bound to package[0][core:0]
[node-13:1510955] Rank 1 bound to package[0][core:1]
[node-13:1510955] Rank 2 bound to package[0][core:2]
[node-13:1510955] Rank 3 bound to package[0][core:3]
[node-13:1510955] Rank 4 bound to package[0][core:4]
[node-13:1510955] Rank 5 bound to package[0][core:5]
[node-13:1510955] Rank 6 bound to package[0][core:6]
[node-13:1510955] Rank 7 bound to package[0][core:7]
==========================================
Column Decomposition: 2048x2048, Steps: 300
MPI Ranks: 8
==========================================
ALIVE_FINAL:    5

========================================
TOTAL_TIME_SEC:     1.260136
COMM_TIME_SEC:      0.026708
COMP_TIME_SEC:      1.233428
COMM_FRACTION:      2.12%
GRID_SIZE:      4194304
TIMESTEPS:      300
MPI_RANKS:      8
========================================
Run 2:
[node-13:1510991] Rank 0 bound to package[0][core:0]
[node-13:1510991] Rank 1 bound to package[0][core:1]
[node-13:1510991] Rank 2 bound to package[0][core:2]
[node-13:1510991] Rank 3 bound to package[0][core:3]
[node-13:1510991] Rank 4 bound to package[0][core:4]
[node-13:1510991] Rank 5 bound to package[0][core:5]
[node-13:1510991] Rank 6 bound to package[0][core:6]
[node-13:1510991] Rank 7 bound to package[0][core:7]
==========================================
Column Decomposition: 2048x2048, Steps: 300
MPI Ranks: 8
==========================================
ALIVE_FINAL:    5

========================================
TOTAL_TIME_SEC:     1.254811
COMM_TIME_SEC:      0.020985
COMP_TIME_SEC:      1.233826
COMM_FRACTION:      1.67%
GRID_SIZE:      4194304
TIMESTEPS:      300
MPI_RANKS:      8
========================================
Run 3:
[node-13:1511027] Rank 0 bound to package[0][core:0]
[node-13:1511027] Rank 1 bound to package[0][core:1]
[node-13:1511027] Rank 2 bound to package[0][core:2]
[node-13:1511027] Rank 3 bound to package[0][core:3]
[node-13:1511027] Rank 4 bound to package[0][core:4]
[node-13:1511027] Rank 5 bound to package[0][core:5]
[node-13:1511027] Rank 6 bound to package[0][core:6]
[node-13:1511027] Rank 7 bound to package[0][core:7]
==========================================
Column Decomposition: 2048x2048, Steps: 300
MPI Ranks: 8
==========================================
ALIVE_FINAL:    5

========================================
TOTAL_TIME_SEC:     1.249465
COMM_TIME_SEC:      0.019728
COMP_TIME_SEC:      1.229737
COMM_FRACTION:      1.58%
GRID_SIZE:      4194304
TIMESTEPS:      300
MPI_RANKS:      8
========================================
=== COLUMN np=16 ===
Run 1:
[node-13:1511065] Rank 0 bound to package[0][core:0]
[node-13:1511065] Rank 1 bound to package[0][core:1]
[node-13:1511065] Rank 2 bound to package[0][core:2]
[node-13:1511065] Rank 3 bound to package[0][core:3]
[node-13:1511065] Rank 4 bound to package[0][core:4]
[node-13:1511065] Rank 5 bound to package[0][core:5]
[node-13:1511065] Rank 6 bound to package[0][core:6]
[node-13:1511065] Rank 7 bound to package[0][core:7]
[node-13:1511065] Rank 8 bound to package[0][core:8]
[node-13:1511065] Rank 9 bound to package[0][core:9]
[node-13:1511065] Rank 10 bound to package[0][core:10]
[node-13:1511065] Rank 11 bound to package[0][core:11]
[node-13:1511065] Rank 12 bound to package[1][core:12]
[node-13:1511065] Rank 13 bound to package[1][core:13]
[node-13:1511065] Rank 14 bound to package[1][core:14]
[node-13:1511065] Rank 15 bound to package[1][core:15]
==========================================
Column Decomposition: 2048x2048, Steps: 300
MPI Ranks: 16
==========================================
ALIVE_FINAL:    5

========================================
TOTAL_TIME_SEC:     0.630404
COMM_TIME_SEC:      0.014125
COMP_TIME_SEC:      0.616279
COMM_FRACTION:      2.24%
GRID_SIZE:      4194304
TIMESTEPS:      300
MPI_RANKS:      16
========================================
Run 2:
[node-13:1511140] Rank 0 bound to package[0][core:0]
[node-13:1511140] Rank 1 bound to package[0][core:1]
[node-13:1511140] Rank 2 bound to package[0][core:2]
[node-13:1511140] Rank 3 bound to package[0][core:3]
[node-13:1511140] Rank 4 bound to package[0][core:4]
[node-13:1511140] Rank 5 bound to package[0][core:5]
[node-13:1511140] Rank 6 bound to package[0][core:6]
[node-13:1511140] Rank 7 bound to package[0][core:7]
[node-13:1511140] Rank 8 bound to package[0][core:8]
[node-13:1511140] Rank 9 bound to package[0][core:9]
[node-13:1511140] Rank 10 bound to package[0][core:10]
[node-13:1511140] Rank 11 bound to package[0][core:11]
[node-13:1511140] Rank 12 bound to package[1][core:12]
[node-13:1511140] Rank 13 bound to package[1][core:13]
[node-13:1511140] Rank 14 bound to package[1][core:14]
[node-13:1511140] Rank 15 bound to package[1][core:15]
==========================================
Column Decomposition: 2048x2048, Steps: 300
MPI Ranks: 16
==========================================
ALIVE_FINAL:    5

========================================
TOTAL_TIME_SEC:     0.624690
COMM_TIME_SEC:      0.011319
COMP_TIME_SEC:      0.613371
COMM_FRACTION:      1.81%
GRID_SIZE:      4194304
TIMESTEPS:      300
MPI_RANKS:      16
========================================
Run 3:
[node-13:1511200] Rank 0 bound to package[0][core:0]
[node-13:1511200] Rank 1 bound to package[0][core:1]
[node-13:1511200] Rank 2 bound to package[0][core:2]
[node-13:1511200] Rank 3 bound to package[0][core:3]
[node-13:1511200] Rank 4 bound to package[0][core:4]
[node-13:1511200] Rank 5 bound to package[0][core:5]
[node-13:1511200] Rank 6 bound to package[0][core:6]
[node-13:1511200] Rank 7 bound to package[0][core:7]
[node-13:1511200] Rank 8 bound to package[0][core:8]
[node-13:1511200] Rank 9 bound to package[0][core:9]
[node-13:1511200] Rank 10 bound to package[0][core:10]
[node-13:1511200] Rank 11 bound to package[0][core:11]
[node-13:1511200] Rank 12 bound to package[1][core:12]
[node-13:1511200] Rank 13 bound to package[1][core:13]
[node-13:1511200] Rank 14 bound to package[1][core:14]
[node-13:1511200] Rank 15 bound to package[1][core:15]
==========================================
Column Decomposition: 2048x2048, Steps: 300
MPI Ranks: 16
==========================================
ALIVE_FINAL:    5

========================================
TOTAL_TIME_SEC:     0.634187
COMM_TIME_SEC:      0.011612
COMP_TIME_SEC:      0.622574
COMM_FRACTION:      1.83%
GRID_SIZE:      4194304
TIMESTEPS:      300
MPI_RANKS:      16
========================================
=== COLUMN np=32 ===
Run 1:
[node-13:1511262] Rank 0 bound to package[0][core:0]
[node-13:1511262] Rank 1 bound to package[0][core:1]
[node-13:1511262] Rank 2 bound to package[0][core:2]
[node-13:1511262] Rank 3 bound to package[0][core:3]
[node-13:1511262] Rank 4 bound to package[0][core:4]
[node-13:1511262] Rank 5 bound to package[0][core:5]
[node-13:1511262] Rank 6 bound to package[0][core:6]
[node-13:1511262] Rank 7 bound to package[0][core:7]
[node-13:1511262] Rank 8 bound to package[0][core:8]
[node-13:1511262] Rank 9 bound to package[0][core:9]
[node-13:1511262] Rank 10 bound to package[0][core:10]
[node-13:1511262] Rank 11 bound to package[0][core:11]
[node-13:1511262] Rank 12 bound to package[1][core:12]
[node-13:1511262] Rank 13 bound to package[1][core:13]
[node-13:1511262] Rank 14 bound to package[1][core:14]
[node-13:1511262] Rank 15 bound to package[1][core:15]
[node-14:1620533] Rank 17 bound to package[0][core:1]
[node-14:1620533] Rank 16 bound to package[0][core:0]
[node-14:1620533] Rank 19 bound to package[0][core:3]
[node-14:1620533] Rank 21 bound to package[0][core:5]
[node-14:1620533] Rank 18 bound to package[0][core:2]
[node-14:1620533] Rank 20 bound to package[0][core:4]
[node-14:1620533] Rank 22 bound to package[0][core:6]
[node-14:1620533] Rank 23 bound to package[0][core:7]
[node-14:1620533] Rank 24 bound to package[0][core:8]
[node-14:1620533] Rank 25 bound to package[0][core:9]
[node-14:1620533] Rank 26 bound to package[0][core:10]
[node-14:1620533] Rank 27 bound to package[0][core:11]
[node-14:1620533] Rank 28 bound to package[1][core:12]
[node-14:1620533] Rank 30 bound to package[1][core:14]
[node-14:1620533] Rank 29 bound to package[1][core:13]
[node-14:1620533] Rank 31 bound to package[1][core:15]
==========================================
Column Decomposition: 2048x2048, Steps: 300
MPI Ranks: 32
==========================================
ALIVE_FINAL:    5

========================================
TOTAL_TIME_SEC:     0.313283
COMM_TIME_SEC:      0.048015
COMP_TIME_SEC:      0.265268
COMM_FRACTION:     15.33%
GRID_SIZE:      4194304
TIMESTEPS:      300
MPI_RANKS:      32
========================================
Run 2:
[node-13:1511322] Rank 0 bound to package[0][core:0]
[node-13:1511322] Rank 1 bound to package[0][core:1]
[node-13:1511322] Rank 2 bound to package[0][core:2]
[node-13:1511322] Rank 3 bound to package[0][core:3]
[node-13:1511322] Rank 4 bound to package[0][core:4]
[node-13:1511322] Rank 5 bound to package[0][core:5]
[node-13:1511322] Rank 6 bound to package[0][core:6]
[node-13:1511322] Rank 7 bound to package[0][core:7]
[node-13:1511322] Rank 8 bound to package[0][core:8]
[node-13:1511322] Rank 9 bound to package[0][core:9]
[node-13:1511322] Rank 10 bound to package[0][core:10]
[node-13:1511322] Rank 11 bound to package[0][core:11]
[node-13:1511322] Rank 12 bound to package[1][core:12]
[node-13:1511322] Rank 13 bound to package[1][core:13]
[node-13:1511322] Rank 14 bound to package[1][core:14]
[node-13:1511322] Rank 15 bound to package[1][core:15]
[node-14:1620619] Rank 18 bound to package[0][core:2]
[node-14:1620619] Rank 19 bound to package[0][core:3]
[node-14:1620619] Rank 17 bound to package[0][core:1]
[node-14:1620619] Rank 20 bound to package[0][core:4]
[node-14:1620619] Rank 16 bound to package[0][core:0]
[node-14:1620619] Rank 21 bound to package[0][core:5]
[node-14:1620619] Rank 22 bound to package[0][core:6]
[node-14:1620619] Rank 23 bound to package[0][core:7]
[node-14:1620619] Rank 24 bound to package[0][core:8]
[node-14:1620619] Rank 26 bound to package[0][core:10]
[node-14:1620619] Rank 25 bound to package[0][core:9]
[node-14:1620619] Rank 27 bound to package[0][core:11]
[node-14:1620619] Rank 28 bound to package[1][core:12]
[node-14:1620619] Rank 29 bound to package[1][core:13]
[node-14:1620619] Rank 30 bound to package[1][core:14]
[node-14:1620619] Rank 31 bound to package[1][core:15]
==========================================
Column Decomposition: 2048x2048, Steps: 300
MPI Ranks: 32
==========================================
ALIVE_FINAL:    5

========================================
TOTAL_TIME_SEC:     0.316827
COMM_TIME_SEC:      0.046478
COMP_TIME_SEC:      0.270350
COMM_FRACTION:     14.67%
GRID_SIZE:      4194304
TIMESTEPS:      300
MPI_RANKS:      32
========================================
Run 3:
[node-13:1511382] Rank 0 bound to package[0][core:0]
[node-13:1511382] Rank 1 bound to package[0][core:1]
[node-13:1511382] Rank 2 bound to package[0][core:2]
[node-13:1511382] Rank 3 bound to package[0][core:3]
[node-13:1511382] Rank 4 bound to package[0][core:4]
[node-13:1511382] Rank 5 bound to package[0][core:5]
[node-13:1511382] Rank 6 bound to package[0][core:6]
[node-13:1511382] Rank 7 bound to package[0][core:7]
[node-13:1511382] Rank 8 bound to package[0][core:8]
[node-13:1511382] Rank 9 bound to package[0][core:9]
[node-13:1511382] Rank 10 bound to package[0][core:10]
[node-13:1511382] Rank 11 bound to package[0][core:11]
[node-13:1511382] Rank 12 bound to package[1][core:12]
[node-13:1511382] Rank 13 bound to package[1][core:13]
[node-13:1511382] Rank 14 bound to package[1][core:14]
[node-13:1511382] Rank 15 bound to package[1][core:15]
[node-14:1620705] Rank 16 bound to package[0][core:0]
[node-14:1620705] Rank 19 bound to package[0][core:3]
[node-14:1620705] Rank 18 bound to package[0][core:2]
[node-14:1620705] Rank 20 bound to package[0][core:4]
[node-14:1620705] Rank 17 bound to package[0][core:1]
[node-14:1620705] Rank 22 bound to package[0][core:6]
[node-14:1620705] Rank 21 bound to package[0][core:5]
[node-14:1620705] Rank 23 bound to package[0][core:7]
[node-14:1620705] Rank 24 bound to package[0][core:8]
[node-14:1620705] Rank 26 bound to package[0][core:10]
[node-14:1620705] Rank 25 bound to package[0][core:9]
[node-14:1620705] Rank 27 bound to package[0][core:11]
[node-14:1620705] Rank 29 bound to package[1][core:13]
[node-14:1620705] Rank 28 bound to package[1][core:12]
[node-14:1620705] Rank 30 bound to package[1][core:14]
[node-14:1620705] Rank 31 bound to package[1][core:15]
==========================================
Column Decomposition: 2048x2048, Steps: 300
MPI Ranks: 32
==========================================
ALIVE_FINAL:    5

========================================
TOTAL_TIME_SEC:     0.319513
COMM_TIME_SEC:      0.047233
COMP_TIME_SEC:      0.272279
COMM_FRACTION:     14.78%
GRID_SIZE:      4194304
TIMESTEPS:      300
MPI_RANKS:      32
========================================

============================================
MICROBENCHMARKS FOR PERFORMANCE MODELING
============================================

=== COMPUTATION TIME MICROBENCHMARK ===
 ==========================================
 Computation Time Microbenchmark
 Game of Life t_c Estimation
 ==========================================
 
 Original nyxarray:
01010000000
10100000001
00011011001
00010001000
00000000000
01010001010
00100100100
10010001000
10000100101
00000001010
 Updated output_array:
11100000001
11101000001
10111011001
00011011000
00100000100
00100000100
01111011100
11001011111
10000011111
10000000111
 
 Timing Computation Performance...
 ================================
Grid size: 20 x 20
Iterations: 10000
 
 Timing Results:
 ===============
Total time:   0.0307 seconds
Total cell updates: 0.400000E+07
t_c (per-cell update time): 0.767050E-08 seconds
t_c (per-operation, model): 0.767050E-09 seconds
 
 NOTE: 'per-operation' uses modeling assumption of ~10 ops/cell
       For performance model, use per-cell time directly
 
 Results written to computation_results.txt
 
 Update performance model with:
double precision, parameter :: t_c = 0.767050E-08
 
 Sample Random Input (first 5x10):
1100000101
0011110001
1011100000
0101010001
0101101110
 Sample Random Output (first 5x10):
0000000101
0000010010
1000000001
0100011111
1100000010
=== MPI LATENCY MICROBENCHMARK ===
[node-13:1511457] Rank 0 bound to package[0][core:0]
[node-13:1511457] Rank 1 bound to package[0][core:1]
 ==========================================
 MPI Latency Measurement
 Game of Life Performance Model
 ==========================================
 
 
 ==========================================
 Results written to latency_results.txt
 ==========================================
 
 Estimated Performance Parameters:
 ==================================
t_s (startup latency):  0.403622E-06 seconds
t_w (transfer time):    0.124515E-09 seconds/byte
 
 Update performance model with:
double precision, parameter :: t_s = 0.403622E-06
double precision, parameter :: t_w = 0.124515E-09
 

============================================
✅ ALL BENCHMARKS COMPLETE
============================================

Results saved in:
  - benchmark_results_7614_20260209_170346.txt (main output)
  - latency_results_7614_20260209_170346.txt (microbench detail)
  - computation_results_7614_20260209_170346.txt (microbench detail)

Use these files to:
  1. Validate scaling results
  2. Extract t_s, t_w, t_c for performance model
  3. Demonstrate complete benchmarking methodology
============================================
ERROR: Could not locate benchmark outputs for job 7614
